<?xml version="1.0" encoding="UTF-8"?>
<testsuite xmlns:xsi="http://www.w3.org/2001/XMLSchema-instance" xsi:noNamespaceSchemaLocation="https://maven.apache.org/surefire/maven-surefire-plugin/xsd/surefire-test-report.xsd" name="TestSuite" time="30.474" tests="2" errors="0" skipped="0" failures="0">
  <properties>
[...]
</properties>
  <testcase name="addNewUser" classname="teladoc_challenge.AddNewUser" time="5.699"/>
  <testcase name="DeleteUser" classname="teladoc_challenge.DeleteRecord" time="13.049"/>
</testsuite>